<?xml version="1.0" encoding="UTF-8"?>
<testsuite xmlns:xsi="http://www.w3.org/2001/XMLSchema-instance" xsi:noNamespaceSchemaLocation="https://maven.apache.org/surefire/maven-surefire-plugin/xsd/surefire-test-report-3.0.xsd" version="3.0" name="ReaderTest" time="0.046" tests="1" errors="0" skipped="0" failures="0">
  <properties>
    <property name="java.specification.version" value="17"/>
    <property name="sun.cpu.isalist" value="amd64"/>
    <property name="sun.jnu.encoding" value="Cp1252"/>
    <property name="java.class.path" value="D:\Workspace\java\bukkit-plugin-framework-parent\bpf-core\target\test-classes;D:\Workspace\java\bukkit-plugin-framework-parent\bpf-core\target\classes;D:\.m2\repository\junit\junit\4.8.2\junit-4.8.2.jar;D:\.m2\repository\org\spigotmc\spigot-api\1.20.1-R0.1-SNAPSHOT\spigot-api-1.20.1-R0.1-SNAPSHOT.jar;D:\.m2\repository\com\google\guava\guava\31.1-jre\guava-31.1-jre.jar;D:\.m2\repository\com\google\guava\failureaccess\1.0.1\failureaccess-1.0.1.jar;D:\.m2\repository\com\google\guava\listenablefuture\9999.0-empty-to-avoid-conflict-with-guava\listenablefuture-9999.0-empty-to-avoid-conflict-with-guava.jar;D:\.m2\repository\com\google\code\findbugs\jsr305\3.0.2\jsr305-3.0.2.jar;D:\.m2\repository\org\checkerframework\checker-qual\3.12.0\checker-qual-3.12.0.jar;D:\.m2\repository\com\google\errorprone\error_prone_annotations\2.11.0\error_prone_annotations-2.11.0.jar;D:\.m2\repository\com\google\j2objc\j2objc-annotations\1.3\j2objc-annotations-1.3.jar;D:\.m2\repository\com\google\code\gson\gson\2.10\gson-2.10.jar;D:\.m2\repository\org\joml\joml\1.10.5\joml-1.10.5.jar;D:\.m2\repository\net\md-5\bungeecord-chat\1.16-R0.4\bungeecord-chat-1.16-R0.4.jar;D:\.m2\repository\org\yaml\snakeyaml\2.0\snakeyaml-2.0.jar;D:\.m2\repository\org\projectlombok\lombok\1.18.28\lombok-1.18.28.jar;D:\.m2\repository\org\jetbrains\annotations\24.0.1\annotations-24.0.1.jar;"/>
    <property name="java.vm.vendor" value="Eclipse Adoptium"/>
    <property name="sun.arch.data.model" value="64"/>
    <property name="user.variant" value=""/>
    <property name="java.vendor.url" value="https://adoptium.net/"/>
    <property name="user.timezone" value="Europe/Sarajevo"/>
    <property name="os.name" value="Windows 10"/>
    <property name="java.vm.specification.version" value="17"/>
    <property name="sun.java.launcher" value="SUN_STANDARD"/>
    <property name="user.country" value="US"/>
    <property name="sun.boot.library.path" value="E:\Program Files\Eclipse Adoptium\jdk-17.0.9.9-hotspot\bin"/>
    <property name="sun.java.command" value="E:\Users\Alan\AppData\Local\Temp\surefire18342251707419412912\surefirebooter-20240215192658783_3.jar E:\Users\Alan\AppData\Local\Temp\surefire18342251707419412912 2024-02-15T19-26-58_626-jvmRun1 surefire-20240215192658783_1tmp surefire_0-20240215192658783_2tmp"/>
    <property name="jdk.debug" value="release"/>
    <property name="surefire.test.class.path" value="D:\Workspace\java\bukkit-plugin-framework-parent\bpf-core\target\test-classes;D:\Workspace\java\bukkit-plugin-framework-parent\bpf-core\target\classes;D:\.m2\repository\junit\junit\4.8.2\junit-4.8.2.jar;D:\.m2\repository\org\spigotmc\spigot-api\1.20.1-R0.1-SNAPSHOT\spigot-api-1.20.1-R0.1-SNAPSHOT.jar;D:\.m2\repository\com\google\guava\guava\31.1-jre\guava-31.1-jre.jar;D:\.m2\repository\com\google\guava\failureaccess\1.0.1\failureaccess-1.0.1.jar;D:\.m2\repository\com\google\guava\listenablefuture\9999.0-empty-to-avoid-conflict-with-guava\listenablefuture-9999.0-empty-to-avoid-conflict-with-guava.jar;D:\.m2\repository\com\google\code\findbugs\jsr305\3.0.2\jsr305-3.0.2.jar;D:\.m2\repository\org\checkerframework\checker-qual\3.12.0\checker-qual-3.12.0.jar;D:\.m2\repository\com\google\errorprone\error_prone_annotations\2.11.0\error_prone_annotations-2.11.0.jar;D:\.m2\repository\com\google\j2objc\j2objc-annotations\1.3\j2objc-annotations-1.3.jar;D:\.m2\repository\com\google\code\gson\gson\2.10\gson-2.10.jar;D:\.m2\repository\org\joml\joml\1.10.5\joml-1.10.5.jar;D:\.m2\repository\net\md-5\bungeecord-chat\1.16-R0.4\bungeecord-chat-1.16-R0.4.jar;D:\.m2\repository\org\yaml\snakeyaml\2.0\snakeyaml-2.0.jar;D:\.m2\repository\org\projectlombok\lombok\1.18.28\lombok-1.18.28.jar;D:\.m2\repository\org\jetbrains\annotations\24.0.1\annotations-24.0.1.jar;"/>
    <property name="sun.cpu.endian" value="little"/>
    <property name="user.home" value="E:\Users\Alan"/>
    <property name="user.language" value="en"/>
    <property name="java.specification.vendor" value="Oracle Corporation"/>
    <property name="java.version.date" value="2023-10-17"/>
    <property name="java.home" value="E:\Program Files\Eclipse Adoptium\jdk-17.0.9.9-hotspot"/>
    <property name="file.separator" value="\"/>
    <property name="basedir" value="D:\Workspace\java\bukkit-plugin-framework-parent\bpf-core"/>
    <property name="java.vm.compressedOopsMode" value="Zero based"/>
    <property name="line.separator" value="&#10;"/>
    <property name="java.vm.specification.vendor" value="Oracle Corporation"/>
    <property name="java.specification.name" value="Java Platform API Specification"/>
    <property name="surefire.real.class.path" value="E:\Users\Alan\AppData\Local\Temp\surefire18342251707419412912\surefirebooter-20240215192658783_3.jar"/>
    <property name="user.script" value=""/>
    <property name="sun.management.compiler" value="HotSpot 64-Bit Tiered Compilers"/>
    <property name="java.runtime.version" value="17.0.9+9"/>
    <property name="user.name" value="Alan"/>
    <property name="path.separator" value=";"/>
    <property name="os.version" value="10.0"/>
    <property name="java.runtime.name" value="OpenJDK Runtime Environment"/>
    <property name="file.encoding" value="Cp1252"/>
    <property name="java.vm.name" value="OpenJDK 64-Bit Server VM"/>
    <property name="java.vendor.version" value="Temurin-17.0.9+9"/>
    <property name="localRepository" value="D:\.m2\repository"/>
    <property name="java.vendor.url.bug" value="https://github.com/adoptium/adoptium-support/issues"/>
    <property name="java.io.tmpdir" value="E:\Users\Alan\AppData\Local\Temp\"/>
    <property name="idea.version" value="2023.3.1"/>
    <property name="java.version" value="17.0.9"/>
    <property name="user.dir" value="D:\Workspace\java\bukkit-plugin-framework-parent\bpf-core"/>
    <property name="os.arch" value="amd64"/>
    <property name="java.vm.specification.name" value="Java Virtual Machine Specification"/>
    <property name="sun.os.patch.level" value=""/>
    <property name="native.encoding" value="Cp1252"/>
    <property name="java.library.path" value="E:\Program Files\Eclipse Adoptium\jdk-17.0.9.9-hotspot\bin;E:\Windows\Sun\Java\bin;E:\Windows\system32;E:\Windows;E:\Program Files\Eclipse Adoptium\jdk-17.0.9.9-hotspot\bin;E:\Program Files\Eclipse Adoptium\jre-8.0.392.8-hotspot\bin;E:\Windows\system32;E:\Windows;E:\Windows\System32\Wbem;E:\Windows\System32\WindowsPowerShell\v1.0\;E:\Windows\System32\OpenSSH\;E:\Program Files\Microsoft VS Code\bin;E:\Program Files\nodejs\;E:\Program Files\Git\cmd;E:\Users\Alan\.jbang\bin;E:\Users\Alan\AppData\Local\Microsoft\WindowsApps;E:\Users\Alan\AppData\Roaming\npm;."/>
    <property name="java.vm.info" value="mixed mode, sharing"/>
    <property name="java.vendor" value="Eclipse Adoptium"/>
    <property name="java.vm.version" value="17.0.9+9"/>
    <property name="sun.io.unicode.encoding" value="UnicodeLittle"/>
    <property name="maven.repo.local" value="D:\.m2\repository\"/>
    <property name="java.class.version" value="61.0"/>
  </properties>
  <testcase name="test" classname="ReaderTest" time="0.003"/>
</testsuite>